<?xml version="1.0" encoding="UTF-8"?>
<testsuite xmlns:xsi="http://www.w3.org/2001/XMLSchema-instance" xsi:noNamespaceSchemaLocation="https://maven.apache.org/surefire/maven-surefire-plugin/xsd/surefire-test-report.xsd" version="3.0.2" name="com.example.demo.Micrometer01ApplicationTests" time="8.794" tests="1" errors="0" skipped="0" failures="0">
  <properties>
[...]
</properties>
  <testcase name="contextLoads" classname="com.example.demo.Micrometer01ApplicationTests" time="1.788">
    <system-out><![CDATA[00:42:36.646 [main] INFO org.springframework.test.context.support.AnnotationConfigContextLoaderUtils -- Could not detect default configuration classes for test class [com.example.demo.Micrometer01ApplicationTests]: Micrometer01ApplicationTests does not declare any static, non-private, non-final, nested classes annotated with @Configuration.
00:42:36.988 [main] INFO org.springframework.boot.test.context.SpringBootTestContextBootstrapper -- Found @SpringBootConfiguration com.example.demo.Micrometer01Application for test class com.example.demo.Micrometer01ApplicationTests

  .   ____          _            __ _ _
 /\\ / ___'_ __ _ _(_)_ __  __ _ \ \ \ \
( ( )\___ | '_ | '_| | '_ \/ _` | \ \ \ \
 \\/  ___)| |_)| | | | | || (_| |  ) ) ) )
  '  |____| .__|_| |_|_| |_\__, | / / / /
 =========|_|==============|___/=/_/_/_/

 :: Spring Boot ::                (v3.5.4)

2025-07-26T00:42:38.361+05:30  INFO 12752 --- [Micrometer01] [           main] c.e.demo.Micrometer01ApplicationTests    : Starting Micrometer01ApplicationTests using Java 21.0.7 with PID 12752 (started by nayee in C:\Users\nayee\eclipse-workspace\SpringRest\Micrometer01)
2025-07-26T00:42:38.365+05:30  INFO 12752 --- [Micrometer01] [           main] c.e.demo.Micrometer01ApplicationTests    : No active profile set, falling back to 1 default profile: "default"
2025-07-26T00:42:42.747+05:30  INFO 12752 --- [Micrometer01] [           main] o.s.b.a.e.web.EndpointLinksResolver      : Exposing 13 endpoints beneath base path '/actuator'
2025-07-26T00:42:42.930+05:30  INFO 12752 --- [Micrometer01] [           main] c.e.demo.Micrometer01ApplicationTests    : Started Micrometer01ApplicationTests in 5.481 seconds (process running for 8.673)
]]></system-out>
    <system-err><![CDATA[Mockito is currently self-attaching to enable the inline-mock-maker. This will no longer work in future releases of the JDK. Please add Mockito as an agent to your build as described in Mockito's documentation: https://javadoc.io/doc/org.mockito/mockito-core/latest/org.mockito/org/mockito/Mockito.html#0.3
WARNING: A Java agent has been loaded dynamically (C:\Users\nayee\.m2\repository\net\bytebuddy\byte-buddy-agent\1.17.6\byte-buddy-agent-1.17.6.jar)
WARNING: If a serviceability tool is in use, please run with -XX:+EnableDynamicAgentLoading to hide this warning
WARNING: If a serviceability tool is not in use, please run with -Djdk.instrument.traceUsage for more information
WARNING: Dynamic loading of agents will be disallowed by default in a future release
]]></system-err>
  </testcase>
</testsuite>